Analysis & Synthesis report for cam482
Mon Oct 30 21:54:44 2017
Quartus Prime Version 16.0.0 Build 211 04/27/2016 SJ Standard Edition


---------------------
; Table of Contents ;
---------------------
  1. Legal Notice
  2. Analysis & Synthesis Summary
  3. Analysis & Synthesis Settings
  4. Parallel Compilation
  5. Analysis & Synthesis Source Files Read
  6. Analysis & Synthesis Resource Usage Summary
  7. Analysis & Synthesis Resource Utilization by Entity
  8. General Register Statistics
  9. Multiplexer Restructuring Statistics (Restructuring Performed)
 10. Port Connectivity Checks: "one_bit_reg_file:hit_file_inst"
 11. Port Connectivity Checks: "one_bit_reg_file:valid_file_inst"
 12. Post-Synthesis Netlist Statistics for Top Partition
 13. Elapsed Time Per Partition
 14. Analysis & Synthesis Messages



----------------
; Legal Notice ;
----------------
Copyright (C) 1991-2016 Altera Corporation. All rights reserved.
Your use of Altera Corporation's design tools, logic functions 
and other software and tools, and its AMPP partner logic 
functions, and any output files from any of the foregoing 
(including device programming or simulation files), and any 
associated documentation or information are expressly subject 
to the terms and conditions of the Altera Program License 
Subscription Agreement, the Altera Quartus Prime License Agreement,
the Altera MegaCore Function License Agreement, or other 
applicable license agreement, including, without limitation, 
that your use is for the sole purpose of programming logic 
devices manufactured by Altera and sold by Altera or its 
authorized distributors.  Please refer to the applicable 
agreement for further details.



+-----------------------------------------------------------------------------------+
; Analysis & Synthesis Summary                                                      ;
+---------------------------------+-------------------------------------------------+
; Analysis & Synthesis Status     ; Successful - Mon Oct 30 21:54:44 2017           ;
; Quartus Prime Version           ; 16.0.0 Build 211 04/27/2016 SJ Standard Edition ;
; Revision Name                   ; cam482                                          ;
; Top-level Entity Name           ; cam482                                          ;
; Family                          ; Cyclone V                                       ;
; Logic utilization (in ALMs)     ; N/A                                             ;
; Total registers                 ; 1669                                            ;
; Total pins                      ; 192                                             ;
; Total virtual pins              ; 0                                               ;
; Total block memory bits         ; 0                                               ;
; Total DSP Blocks                ; 0                                               ;
; Total HSSI RX PCSs              ; 0                                               ;
; Total HSSI PMA RX Deserializers ; 0                                               ;
; Total HSSI TX PCSs              ; 0                                               ;
; Total HSSI PMA TX Serializers   ; 0                                               ;
; Total PLLs                      ; 0                                               ;
; Total DLLs                      ; 0                                               ;
+---------------------------------+-------------------------------------------------+


+---------------------------------------------------------------------------------------------------------------------------+
; Analysis & Synthesis Settings                                                                                             ;
+---------------------------------------------------------------------------------+--------------------+--------------------+
; Option                                                                          ; Setting            ; Default Value      ;
+---------------------------------------------------------------------------------+--------------------+--------------------+
; Device                                                                          ; 5CEBA4F23C7        ;                    ;
; Top-level entity name                                                           ; cam482             ; cam482             ;
; Family name                                                                     ; Cyclone V          ; Cyclone V          ;
; Use smart compilation                                                           ; Off                ; Off                ;
; Enable parallel Assembler and TimeQuest Timing Analyzer during compilation      ; On                 ; On                 ;
; Enable compact report table                                                     ; Off                ; Off                ;
; Restructure Multiplexers                                                        ; Auto               ; Auto               ;
; MLAB Add Timing Constraints For Mixed-Port Feed-Through Mode Setting Don't Care ; Off                ; Off                ;
; Create Debugging Nodes for IP Cores                                             ; Off                ; Off                ;
; Preserve fewer node names                                                       ; On                 ; On                 ;
; Disable OpenCore Plus hardware evaluation                                       ; Off                ; Off                ;
; Verilog Version                                                                 ; Verilog_2001       ; Verilog_2001       ;
; VHDL Version                                                                    ; VHDL_1993          ; VHDL_1993          ;
; State Machine Processing                                                        ; Auto               ; Auto               ;
; Safe State Machine                                                              ; Off                ; Off                ;
; Extract Verilog State Machines                                                  ; On                 ; On                 ;
; Extract VHDL State Machines                                                     ; On                 ; On                 ;
; Ignore Verilog initial constructs                                               ; Off                ; Off                ;
; Iteration limit for constant Verilog loops                                      ; 5000               ; 5000               ;
; Iteration limit for non-constant Verilog loops                                  ; 250                ; 250                ;
; Add Pass-Through Logic to Inferred RAMs                                         ; On                 ; On                 ;
; Infer RAMs from Raw Logic                                                       ; On                 ; On                 ;
; Parallel Synthesis                                                              ; On                 ; On                 ;
; DSP Block Balancing                                                             ; Auto               ; Auto               ;
; NOT Gate Push-Back                                                              ; On                 ; On                 ;
; Power-Up Don't Care                                                             ; On                 ; On                 ;
; Remove Redundant Logic Cells                                                    ; Off                ; Off                ;
; Remove Duplicate Registers                                                      ; On                 ; On                 ;
; Ignore CARRY Buffers                                                            ; Off                ; Off                ;
; Ignore CASCADE Buffers                                                          ; Off                ; Off                ;
; Ignore GLOBAL Buffers                                                           ; Off                ; Off                ;
; Ignore ROW GLOBAL Buffers                                                       ; Off                ; Off                ;
; Ignore LCELL Buffers                                                            ; Off                ; Off                ;
; Ignore SOFT Buffers                                                             ; On                 ; On                 ;
; Limit AHDL Integers to 32 Bits                                                  ; Off                ; Off                ;
; Optimization Technique                                                          ; Balanced           ; Balanced           ;
; Carry Chain Length                                                              ; 70                 ; 70                 ;
; Auto Carry Chains                                                               ; On                 ; On                 ;
; Auto Open-Drain Pins                                                            ; On                 ; On                 ;
; Perform WYSIWYG Primitive Resynthesis                                           ; Off                ; Off                ;
; Auto ROM Replacement                                                            ; On                 ; On                 ;
; Auto RAM Replacement                                                            ; On                 ; On                 ;
; Auto DSP Block Replacement                                                      ; On                 ; On                 ;
; Auto Shift Register Replacement                                                 ; Auto               ; Auto               ;
; Allow Shift Register Merging across Hierarchies                                 ; Auto               ; Auto               ;
; Auto Clock Enable Replacement                                                   ; On                 ; On                 ;
; Strict RAM Replacement                                                          ; Off                ; Off                ;
; Allow Synchronous Control Signals                                               ; On                 ; On                 ;
; Force Use of Synchronous Clear Signals                                          ; Off                ; Off                ;
; Auto Resource Sharing                                                           ; Off                ; Off                ;
; Allow Any RAM Size For Recognition                                              ; Off                ; Off                ;
; Allow Any ROM Size For Recognition                                              ; Off                ; Off                ;
; Allow Any Shift Register Size For Recognition                                   ; Off                ; Off                ;
; Use LogicLock Constraints during Resource Balancing                             ; On                 ; On                 ;
; Ignore translate_off and synthesis_off directives                               ; Off                ; Off                ;
; Timing-Driven Synthesis                                                         ; On                 ; On                 ;
; Report Parameter Settings                                                       ; On                 ; On                 ;
; Report Source Assignments                                                       ; On                 ; On                 ;
; Report Connectivity Checks                                                      ; On                 ; On                 ;
; Ignore Maximum Fan-Out Assignments                                              ; Off                ; Off                ;
; Synchronization Register Chain Length                                           ; 3                  ; 3                  ;
; PowerPlay Power Optimization During Synthesis                                   ; Normal compilation ; Normal compilation ;
; HDL message level                                                               ; Level2             ; Level2             ;
; Suppress Register Optimization Related Messages                                 ; Off                ; Off                ;
; Number of Removed Registers Reported in Synthesis Report                        ; 5000               ; 5000               ;
; Number of Swept Nodes Reported in Synthesis Report                              ; 5000               ; 5000               ;
; Number of Inverted Registers Reported in Synthesis Report                       ; 100                ; 100                ;
; Clock MUX Protection                                                            ; On                 ; On                 ;
; Auto Gated Clock Conversion                                                     ; Off                ; Off                ;
; Block Design Naming                                                             ; Auto               ; Auto               ;
; SDC constraint protection                                                       ; Off                ; Off                ;
; Synthesis Effort                                                                ; Auto               ; Auto               ;
; Shift Register Replacement - Allow Asynchronous Clear Signal                    ; On                 ; On                 ;
; Pre-Mapping Resynthesis Optimization                                            ; Off                ; Off                ;
; Analysis & Synthesis Message Level                                              ; Medium             ; Medium             ;
; Disable Register Merging Across Hierarchies                                     ; Auto               ; Auto               ;
; Resource Aware Inference For Block RAM                                          ; On                 ; On                 ;
; Synthesis Seed                                                                  ; 1                  ; 1                  ;
; Automatic Parallel Synthesis                                                    ; On                 ; On                 ;
; Partial Reconfiguration Bitstream ID                                            ; Off                ; Off                ;
+---------------------------------------------------------------------------------+--------------------+--------------------+


+------------------------------------------+
; Parallel Compilation                     ;
+----------------------------+-------------+
; Processors                 ; Number      ;
+----------------------------+-------------+
; Number detected on machine ; 8           ;
; Maximum allowed            ; 4           ;
;                            ;             ;
; Average used               ; 1.00        ;
; Maximum used               ; 4           ;
;                            ;             ;
; Usage by Processor         ; % Time Used ;
;     Processor 1            ; 100.0%      ;
;     Processor 2            ;   0.0%      ;
;     Processor 3            ;   0.0%      ;
;     Processor 4            ;   0.0%      ;
+----------------------------+-------------+


+---------------------------------------------------------------------------------------------------------------------------------------------------------+
; Analysis & Synthesis Source Files Read                                                                                                                  ;
+----------------------------------+-----------------+-----------------+------------------------------------------------------------------------+---------+
; File Name with User-Entered Path ; Used in Netlist ; File Type       ; File Name with Absolute Path                                           ; Library ;
+----------------------------------+-----------------+-----------------+------------------------------------------------------------------------+---------+
; one_bit_reg_file.vhd             ; yes             ; User VHDL File  ; C:/Users/jld60/Documents/project_workspace/cam482/one_bit_reg_file.vhd ;         ;
; reg_file.vhd                     ; yes             ; User VHDL File  ; C:/Users/jld60/Documents/project_workspace/cam482/reg_file.vhd         ;         ;
; cam482.vhd                       ; yes             ; User VHDL File  ; C:/Users/jld60/Documents/project_workspace/cam482/cam482.vhd           ;         ;
; key_file.vhd                     ; yes             ; User VHDL File  ; C:/Users/jld60/Documents/project_workspace/cam482/key_file.vhd         ;         ;
+----------------------------------+-----------------+-----------------+------------------------------------------------------------------------+---------+


+---------------------------------------------------------+
; Analysis & Synthesis Resource Usage Summary             ;
+---------------------------------------------+-----------+
; Resource                                    ; Usage     ;
+---------------------------------------------+-----------+
; Estimate of Logic utilization (ALMs needed) ; 1218      ;
;                                             ;           ;
; Combinational ALUT usage for logic          ; 894       ;
;     -- 7 input functions                    ; 0         ;
;     -- 6 input functions                    ; 634       ;
;     -- 5 input functions                    ; 170       ;
;     -- 4 input functions                    ; 65        ;
;     -- <=3 input functions                  ; 25        ;
;                                             ;           ;
; Dedicated logic registers                   ; 1669      ;
;                                             ;           ;
; I/O pins                                    ; 192       ;
;                                             ;           ;
; Total DSP Blocks                            ; 0         ;
;                                             ;           ;
; Maximum fan-out node                        ; clk~input ;
; Maximum fan-out                             ; 1669      ;
; Total fan-out                               ; 11985     ;
; Average fan-out                             ; 4.07      ;
+---------------------------------------------+-----------+


+--------------------------------------------------------------------------------------------------------------------------------------------------------------------------------------------------------------+
; Analysis & Synthesis Resource Utilization by Entity                                                                                                                                                          ;
+---------------------------------------+-------------------+--------------+-------------------+------------+------+--------------+------------------------------------------+------------------+--------------+
; Compilation Hierarchy Node            ; LC Combinationals ; LC Registers ; Block Memory Bits ; DSP Blocks ; Pins ; Virtual Pins ; Full Hierarchy Name                      ; Entity Name      ; Library Name ;
+---------------------------------------+-------------------+--------------+-------------------+------------+------+--------------+------------------------------------------+------------------+--------------+
; |cam482                               ; 894 (2)           ; 1669 (0)     ; 0                 ; 0          ; 192  ; 0            ; |cam482                                  ; cam482           ; work         ;
;    |key_file:key_file_inst|           ; 759 (759)         ; 1541 (1541)  ; 0                 ; 0          ; 0    ; 0            ; |cam482|key_file:key_file_inst           ; key_file         ; work         ;
;    |one_bit_reg_file:hit_file_inst|   ; 32 (32)           ; 32 (32)      ; 0                 ; 0          ; 0    ; 0            ; |cam482|one_bit_reg_file:hit_file_inst   ; one_bit_reg_file ; work         ;
;    |one_bit_reg_file:valid_file_inst| ; 42 (42)           ; 32 (32)      ; 0                 ; 0          ; 0    ; 0            ; |cam482|one_bit_reg_file:valid_file_inst ; one_bit_reg_file ; work         ;
;    |reg_file:reg_file_inst|           ; 59 (59)           ; 64 (64)      ; 0                 ; 0          ; 0    ; 0            ; |cam482|reg_file:reg_file_inst           ; reg_file         ; work         ;
+---------------------------------------+-------------------+--------------+-------------------+------------+------+--------------+------------------------------------------+------------------+--------------+
Note: For table entries with two numbers listed, the numbers in parentheses indicate the number of resources of the given type used by the specific entity alone. The numbers listed outside of parentheses indicate the total resources of the given type used by the specific entity and all of its sub-entities in the hierarchy.


+------------------------------------------------------+
; General Register Statistics                          ;
+----------------------------------------------+-------+
; Statistic                                    ; Value ;
+----------------------------------------------+-------+
; Total registers                              ; 1669  ;
; Number of registers using Synchronous Clear  ; 0     ;
; Number of registers using Synchronous Load   ; 64    ;
; Number of registers using Asynchronous Clear ; 1669  ;
; Number of registers using Asynchronous Load  ; 0     ;
; Number of registers using Clock Enable       ; 1605  ;
; Number of registers using Preset             ; 0     ;
+----------------------------------------------+-------+


+-------------------------------------------------------------------------------------------------------------------------------------------------------------+
; Multiplexer Restructuring Statistics (Restructuring Performed)                                                                                              ;
+--------------------+-----------+---------------+----------------------+------------------------+------------+-----------------------------------------------+
; Multiplexer Inputs ; Bus Width ; Baseline Area ; Area if Restructured ; Saving if Restructured ; Registered ; Example Multiplexer Output                    ;
+--------------------+-----------+---------------+----------------------+------------------------+------------+-----------------------------------------------+
; 3:1                ; 5 bits    ; 10 LEs        ; 5 LEs                ; 5 LEs                  ; Yes        ; |cam482|key_file:key_file_inst|replace_reg[0] ;
; 32:1               ; 3 bits    ; 63 LEs        ; 63 LEs               ; 0 LEs                  ; No         ; |cam482|one_bit_reg_file:valid_file_inst|Mux0 ;
+--------------------+-----------+---------------+----------------------+------------------------+------------+-----------------------------------------------+


+------------------------------------------------------------------------------------------------------------------+
; Port Connectivity Checks: "one_bit_reg_file:hit_file_inst"                                                       ;
+--------+--------+----------+-------------------------------------------------------------------------------------+
; Port   ; Type   ; Severity ; Details                                                                             ;
+--------+--------+----------+-------------------------------------------------------------------------------------+
; wr_en  ; Input  ; Info     ; Stuck at VCC                                                                        ;
; w_bit  ; Input  ; Info     ; Stuck at VCC                                                                        ;
; r_addr ; Input  ; Info     ; Stuck at GND                                                                        ;
; r_bit  ; Output ; Info     ; Connected to dangling logic. Logic that only feeds a dangling port will be removed. ;
+--------+--------+----------+-------------------------------------------------------------------------------------+


+--------------------------------------------------------------+
; Port Connectivity Checks: "one_bit_reg_file:valid_file_inst" ;
+-------+-------+----------+-----------------------------------+
; Port  ; Type  ; Severity ; Details                           ;
+-------+-------+----------+-----------------------------------+
; w_bit ; Input ; Info     ; Stuck at VCC                      ;
+-------+-------+----------+-----------------------------------+


+-----------------------------------------------------+
; Post-Synthesis Netlist Statistics for Top Partition ;
+-----------------------+-----------------------------+
; Type                  ; Count                       ;
+-----------------------+-----------------------------+
; arriav_ff             ; 1669                        ;
;     CLR SLD           ; 64                          ;
;     ENA CLR           ; 1605                        ;
; arriav_lcell_comb     ; 894                         ;
;     normal            ; 894                         ;
;         2 data inputs ; 3                           ;
;         3 data inputs ; 22                          ;
;         4 data inputs ; 65                          ;
;         5 data inputs ; 170                         ;
;         6 data inputs ; 634                         ;
; boundary_port         ; 192                         ;
;                       ;                             ;
; Max LUT depth         ; 11.00                       ;
; Average LUT depth     ; 10.00                       ;
+-----------------------+-----------------------------+


+-------------------------------+
; Elapsed Time Per Partition    ;
+----------------+--------------+
; Partition Name ; Elapsed Time ;
+----------------+--------------+
; Top            ; 00:00:05     ;
+----------------+--------------+


+-------------------------------+
; Analysis & Synthesis Messages ;
+-------------------------------+
Info: *******************************************************************
Info: Running Quartus Prime Analysis & Synthesis
    Info: Version 16.0.0 Build 211 04/27/2016 SJ Standard Edition
    Info: Processing started: Mon Oct 30 21:54:27 2017
Info: Command: quartus_map --read_settings_files=on --write_settings_files=off cam482 -c cam482
Warning (18236): Number of processors has not been specified which may cause overloading on shared machines.  Set the global assignment NUM_PARALLEL_PROCESSORS in your QSF to an appropriate value for best performance.
Info (20030): Parallel compilation is enabled and will use 4 of the 4 processors detected
Info (12021): Found 2 design units, including 1 entities, in source file one_bit_reg_file.vhd
    Info (12022): Found design unit 1: one_bit_reg_file-rtl File: C:/Users/jld60/Documents/project_workspace/cam482/one_bit_reg_file.vhd Line: 19
    Info (12023): Found entity 1: one_bit_reg_file File: C:/Users/jld60/Documents/project_workspace/cam482/one_bit_reg_file.vhd Line: 5
Info (12021): Found 2 design units, including 1 entities, in source file reg_file.vhd
    Info (12022): Found design unit 1: reg_file-rtl File: C:/Users/jld60/Documents/project_workspace/cam482/reg_file.vhd Line: 16
    Info (12023): Found entity 1: reg_file File: C:/Users/jld60/Documents/project_workspace/cam482/reg_file.vhd Line: 5
Info (12021): Found 2 design units, including 1 entities, in source file cam482.vhd
    Info (12022): Found design unit 1: cam482-rtl File: C:/Users/jld60/Documents/project_workspace/cam482/cam482.vhd Line: 24
    Info (12023): Found entity 1: cam482 File: C:/Users/jld60/Documents/project_workspace/cam482/cam482.vhd Line: 5
Info (12021): Found 2 design units, including 1 entities, in source file key_file.vhd
    Info (12022): Found design unit 1: key_file-rtl File: C:/Users/jld60/Documents/project_workspace/cam482/key_file.vhd Line: 17
    Info (12023): Found entity 1: key_file File: C:/Users/jld60/Documents/project_workspace/cam482/key_file.vhd Line: 5
Info (12127): Elaborating entity "cam482" for the top level hierarchy
Info (12128): Elaborating entity "key_file" for hierarchy "key_file:key_file_inst" File: C:/Users/jld60/Documents/project_workspace/cam482/cam482.vhd Line: 70
Info (12128): Elaborating entity "reg_file" for hierarchy "reg_file:reg_file_inst" File: C:/Users/jld60/Documents/project_workspace/cam482/cam482.vhd Line: 82
Info (12128): Elaborating entity "one_bit_reg_file" for hierarchy "one_bit_reg_file:valid_file_inst" File: C:/Users/jld60/Documents/project_workspace/cam482/cam482.vhd Line: 93
Info (276014): Found 4 instances of uninferred RAM logic
    Info (276004): RAM logic "one_bit_reg_file:hit_file_inst|Ram0" is uninferred due to inappropriate RAM size File: C:/Users/jld60/Documents/project_workspace/cam482/one_bit_reg_file.vhd Line: 143
    Info (276004): RAM logic "one_bit_reg_file:valid_file_inst|Ram0" is uninferred due to inappropriate RAM size File: C:/Users/jld60/Documents/project_workspace/cam482/one_bit_reg_file.vhd Line: 143
    Info (276004): RAM logic "reg_file:reg_file_inst|Ram0" is uninferred due to inappropriate RAM size File: C:/Users/jld60/Documents/project_workspace/cam482/reg_file.vhd Line: 233
    Info (276004): RAM logic "key_file:key_file_inst|Ram0" is uninferred due to inappropriate RAM size File: C:/Users/jld60/Documents/project_workspace/cam482/key_file.vhd Line: 243
Info (286030): Timing-Driven Synthesis is running
Info (16010): Generating hard_block partition "hard_block:auto_generated_inst"
    Info (16011): Adding 0 node(s), including 0 DDIO, 0 PLL, 0 transceiver and 0 LCELL
Info (21057): Implemented 2686 device resources after synthesis - the final resource count might be different
    Info (21058): Implemented 125 input pins
    Info (21059): Implemented 67 output pins
    Info (21061): Implemented 2494 logic cells
Info: Quartus Prime Analysis & Synthesis was successful. 0 errors, 1 warning
    Info: Peak virtual memory: 932 megabytes
    Info: Processing ended: Mon Oct 30 21:54:44 2017
    Info: Elapsed time: 00:00:17
    Info: Total CPU time (on all processors): 00:00:27


